<?xml version="1.0" encoding="UTF-8"?>
<!-- Generated by org.testng.reporters.JUnitReportReporter -->
<testsuite hostname="pc" name="org.testng.Apple" tests="4" failures="0" timestamp="20 Jun 2022 07:41:55 GMT" time="8.720" errors="0">
  <testcase name="testData1" time="1.169" classname="org.testng.Apple"/>
  <testcase name="testData1" time="3.678" classname="org.testng.Apple"/>
  <testcase name="testData1" time="2.470" classname="org.testng.Apple"/>
  <testcase name="testData1" time="1.403" classname="org.testng.Apple"/>
</testsuite> <!-- org.testng.Apple -->
