<?xml version="1.0" encoding="UTF-8"?>
<!-- Generated by org.testng.reporters.JUnitReportReporter -->
<testsuite hostname="pc" name="org.testngtask.TestNG_Task004" tests="1" failures="0" timestamp="29 Jun 2022 10:46:54 GMT" time="8.579" errors="0">
  <testcase name="dataProvider" time="8.579" classname="org.testngtask.TestNG_Task004"/>
</testsuite> <!-- org.testngtask.TestNG_Task004 -->
