<?xml version="1.0" encoding="UTF-8"?>
<!-- Generated by org.testng.reporters.JUnitReportReporter -->
<testsuite hostname="pc" name="org.testng.Orange1" tests="23" failures="0" timestamp="20 Jun 2022 07:02:47 GMT" time="210.676" errors="0">
  <testcase name="tc0014" time="13.382" classname="org.testng.Orange1"/>
  <testcase name="tc0017" time="16.283" classname="org.testng.Orange1"/>
  <testcase name="tc0016" time="4.763" classname="org.testng.Orange1"/>
  <testcase name="tc002" time="4.914" classname="org.testng.Orange1"/>
  <testcase name="tc002" time="6.173" classname="org.testng.Orange1"/>
  <testcase name="tc006" time="19.508" classname="org.testng.Orange1"/>
  <testcase name="tc0020" time="6.162" classname="org.testng.Orange1"/>
  <testcase name="tc0019" time="11.117" classname="org.testng.Orange1"/>
  <testcase name="tc0015" time="8.935" classname="org.testng.Orange1"/>
  <testcase name="tc009" time="17.989" classname="org.testng.Orange1"/>
  <testcase name="tc0013" time="5.095" classname="org.testng.Orange1"/>
  <testcase name="tc004" time="4.503" classname="org.testng.Orange1"/>
  <testcase name="tc002" time="6.252" classname="org.testng.Orange1"/>
  <testcase name="tc001" time="12.842" classname="org.testng.Orange1"/>
  <testcase name="tc002" time="6.024" classname="org.testng.Orange1"/>
  <testcase name="tc0011" time="7.380" classname="org.testng.Orange1"/>
  <testcase name="tc0010" time="8.026" classname="org.testng.Orange1"/>
  <testcase name="tc005" time="6.591" classname="org.testng.Orange1"/>
  <testcase name="tc008" time="18.144" classname="org.testng.Orange1"/>
  <testcase name="tc0012" time="5.321" classname="org.testng.Orange1"/>
  <testcase name="tc003" time="8.459" classname="org.testng.Orange1"/>
  <testcase name="tc007" time="7.112" classname="org.testng.Orange1"/>
  <testcase name="tc0018" time="5.701" classname="org.testng.Orange1"/>
</testsuite> <!-- org.testng.Orange1 -->
