<?xml version="1.0" encoding="UTF-8"?>
<!-- Generated by org.testng.reporters.JUnitReportReporter -->
<testsuite hostname="pc" name="org.testngtask.TestNG_Task002" tests="1" failures="0" timestamp="28 Jun 2022 10:11:37 GMT" time="21.071" errors="0">
  <testcase name="facebookTask" time="21.071" classname="org.testngtask.TestNG_Task002"/>
</testsuite> <!-- org.testngtask.TestNG_Task002 -->
