<?xml version="1.0" encoding="UTF-8"?>
<!-- Generated by org.testng.reporters.JUnitReportReporter -->
<testsuite hostname="pc" name="org.testng.Mango" tests="2" failures="0" timestamp="20 Jun 2022 07:58:56 GMT" time="11.383" errors="0">
  <testcase name="testc02" time="4.303" classname="org.testng.Mango"/>
  <testcase name="testc01" time="7.080" classname="org.testng.Mango"/>
</testsuite> <!-- org.testng.Mango -->
