<?xml version="1.0" encoding="UTF-8"?>
<!-- Generated by org.testng.reporters.JUnitReportReporter -->
<testsuite hostname="pc" name="org.testng.Parameters" tests="5" failures="0" timestamp="20 Jun 2022 07:02:47 GMT" time="0.032" errors="0">
  <testcase name="tc4" time="0.007" classname="org.testng.Parameters"/>
  <testcase name="tc1" time="0.006" classname="org.testng.Parameters"/>
  <testcase name="tc2" time="0.005" classname="org.testng.Parameters"/>
  <testcase name="tc3" time="0.007" classname="org.testng.Parameters"/>
  <testcase name="tc5" time="0.007" classname="org.testng.Parameters"/>
</testsuite> <!-- org.testng.Parameters -->
