<?xml version="1.0" encoding="UTF-8"?>
<!-- Generated by org.testng.reporters.JUnitReportReporter -->
<testsuite hostname="pc" name="org.test.TestNo1" tests="3" failures="0" timestamp="22 Jun 2022 10:21:30 GMT" time="17.674" errors="0">
  <testcase name="testData1" time="2.789" classname="org.test.TestNo1"/>
  <testcase name="testData1" time="5.897" classname="org.test.TestNo1"/>
  <testcase name="testData1" time="8.988" classname="org.test.TestNo1"/>
</testsuite> <!-- org.test.TestNo1 -->
