<?xml version="1.0" encoding="UTF-8"?>
<!-- Generated by org.testng.reporters.JUnitReportReporter -->
<testsuite hostname="pc" name="org.testngtask.TestNG_Task001" tests="1" failures="0" timestamp="27 Jun 2022 11:55:48 GMT" time="11.090" errors="0">
  <testcase name="facebookTask" time="11.090" classname="org.testngtask.TestNG_Task001"/>
</testsuite> <!-- org.testngtask.TestNG_Task001 -->
